<?xml version="1.0" encoding="UTF-8"?>
<testng-results ignored="0" total="1" passed="1" failed="0" skipped="0">
  <reporter-output>
  </reporter-output>
  <suite started-at="2025-02-05T23:32:50 PKT" name="All Test Suite" finished-at="2025-02-05T23:32:57 PKT" duration-ms="7884">
    <groups>
    </groups>
    <test started-at="2025-02-05T23:32:50 PKT" name="D:/BSSE/S7/Automated Software Testing/Week 11/Week11" finished-at="2025-02-05T23:32:57 PKT" duration-ms="7884">
      <class name="tests.LoginTest">
        <test-method is-config="true" signature="setUp()[pri:0, instance:tests.LoginTest@6069db50]" started-at="2025-02-05T23:32:50 PKT" name="setUp" finished-at="2025-02-05T23:32:55 PKT" duration-ms="5019" status="PASS">
          <reporter-output>
          </reporter-output>
        </test-method> <!-- setUp -->
        <test-method signature="testLogin()[pri:0, instance:tests.LoginTest@6069db50]" started-at="2025-02-05T23:32:55 PKT" name="testLogin" finished-at="2025-02-05T23:32:57 PKT" duration-ms="2630" status="PASS">
          <reporter-output>
          </reporter-output>
        </test-method> <!-- testLogin -->
        <test-method is-config="true" signature="tearDown()[pri:0, instance:tests.LoginTest@6069db50]" started-at="2025-02-05T23:32:57 PKT" name="tearDown" finished-at="2025-02-05T23:32:57 PKT" duration-ms="187" status="PASS">
          <reporter-output>
          </reporter-output>
        </test-method> <!-- tearDown -->
      </class> <!-- tests.LoginTest -->
    </test> <!-- D:/BSSE/S7/Automated Software Testing/Week 11/Week11 -->
  </suite> <!-- All Test Suite -->
</testng-results>
