<?xml version="1.0" encoding="UTF-8"?>
<testng-results ignored="0" total="1" passed="1" failed="0" skipped="0">
  <reporter-output>
  </reporter-output>
  <suite started-at="2025-02-07T00:22:41 PKT" name="All Test Suite" finished-at="2025-02-07T00:23:02 PKT" duration-ms="21576">
    <groups>
    </groups>
    <test started-at="2025-02-07T00:22:41 PKT" name="D:/BSSE/S7/Automated Software Testing/AST_Lab_Exam/L1F21BSSE0183" finished-at="2025-02-07T00:23:02 PKT" duration-ms="21576">
      <class name="tests.LoginTest">
        <test-method is-config="true" signature="setUp()[pri:0, instance:tests.LoginTest@34e9fd99]" started-at="2025-02-07T00:22:41 PKT" name="setUp" finished-at="2025-02-07T00:22:50 PKT" duration-ms="8950" status="PASS">
          <reporter-output>
          </reporter-output>
        </test-method> <!-- setUp -->
        <test-method signature="loginTest()[pri:0, instance:tests.LoginTest@34e9fd99]" started-at="2025-02-07T00:22:50 PKT" name="loginTest" finished-at="2025-02-07T00:23:01 PKT" duration-ms="10833" status="PASS">
          <reporter-output>
          </reporter-output>
        </test-method> <!-- loginTest -->
        <test-method is-config="true" signature="tearDown()[pri:0, instance:tests.LoginTest@34e9fd99]" started-at="2025-02-07T00:23:01 PKT" name="tearDown" finished-at="2025-02-07T00:23:02 PKT" duration-ms="1738" status="PASS">
          <reporter-output>
          </reporter-output>
        </test-method> <!-- tearDown -->
      </class> <!-- tests.LoginTest -->
    </test> <!-- D:/BSSE/S7/Automated Software Testing/AST_Lab_Exam/L1F21BSSE0183 -->
  </suite> <!-- All Test Suite -->
</testng-results>
